<?xml version="1.0" encoding="UTF-8"?>
<!-- Generated by org.testng.reporters.JUnitXMLReporter -->
<testsuite ignored="0" hostname="Luda-PC" failures="0" tests="6" name="Test" time="43.189" errors="0" timestamp="07 Mar 2019 01:00:10 GMT">
  <testcase classname="tests.MainFlow" name="locateLRO" time="3.56"/>
  <testcase classname="tests.MainFlow" name="propertyByPINSearch" time="4.335"/>
  <testcase classname="tests.MainFlow" name="propertyOrderStep1" time="10.402"/>
  <testcase classname="tests.MainFlow" name="propertyOrderStep2" time="2.471"/>
  <testcase classname="tests.MainFlow" name="propertyOrderAddToCart" time="6.625"/>
  <testcase classname="tests.MainFlow" name="YourShoppingCart" time="1.248"/>
</testsuite> <!-- Test -->
