<?xml version="1.0" encoding="UTF-8"?>
<!-- Generated by org.testng.reporters.JUnitXMLReporter -->
<testsuite hostname="DESKTOP-SLUED5U" ignored="0" name="Test" tests="6" failures="0" timestamp="28 Mar 2019 01:35:53 GMT" time="34.087" errors="0">
  <testcase name="locateLRO" time="2.022" classname="tests.MainFlow"/>
  <testcase name="propertyByPINSearch" time="3.288" classname="tests.MainFlow"/>
  <testcase name="propertyOrderStep1" time="3.993" classname="tests.MainFlow"/>
  <testcase name="propertyOrderStep2" time="8.953" classname="tests.MainFlow"/>
  <testcase name="propertyOrderAddToCart" time="2.349" classname="tests.MainFlow"/>
  <testcase name="YourShoppingCart" time="0.877" classname="tests.MainFlow"/>
</testsuite> <!-- Test -->
