<?xml version="1.0" encoding="UTF-8"?>
<!-- Generated by org.testng.reporters.JUnitXMLReporter -->
<testsuite hostname="DESKTOP-SLUED5U" ignored="0" name="Default test" tests="6" failures="0" timestamp="06 Mar 2019 14:46:05 GMT" time="24.068" errors="0">
  <testcase name="locateLRO" time="1.876" classname="tests.MainFlow"/>
  <testcase name="propertyByPINSearch" time="2.393" classname="tests.MainFlow"/>
  <testcase name="propertyOrderStep1" time="3.868" classname="tests.MainFlow"/>
  <testcase name="propertyOrderStep2" time="1.833" classname="tests.MainFlow"/>
  <testcase name="propertyOrderAddToCart" time="1.74" classname="tests.MainFlow"/>
  <testcase name="YourShoppingCart" time="0.686" classname="tests.MainFlow"/>
</testsuite> <!-- Default test -->
