<?xml version="1.0" encoding="UTF-8"?>
<!-- Generated by org.testng.reporters.JUnitXMLReporter -->
<testsuite hostname="DESKTOP-SLUED5U" ignored="0" name="Default test" tests="6" failures="0" timestamp="26 Mar 2019 15:34:25 GMT" time="24.146" errors="0">
  <testcase name="locateLRO" time="1.928" classname="tests.MainFlow"/>
  <testcase name="propertyByPINSearch" time="2.627" classname="tests.MainFlow"/>
  <testcase name="propertyOrderStep1" time="3.891" classname="tests.MainFlow"/>
  <testcase name="propertyOrderStep2" time="1.793" classname="tests.MainFlow"/>
  <testcase name="propertyOrderAddToCart" time="1.709" classname="tests.MainFlow"/>
  <testcase name="YourShoppingCart" time="0.739" classname="tests.MainFlow"/>
</testsuite> <!-- Default test -->
