<?xml version="1.0" encoding="UTF-8"?>
<!-- Generated by org.testng.reporters.JUnitXMLReporter -->
<testsuite hostname="DESKTOP-SLUED5U" ignored="0" name="Test" tests="6" failures="0" timestamp="25 Mar 2019 14:42:49 GMT" time="24.842" errors="0">
  <testcase name="locateLRO" time="1.894" classname="tests.MainFlow"/>
  <testcase name="propertyByPINSearch" time="2.422" classname="tests.MainFlow"/>
  <testcase name="propertyOrderStep1" time="3.971" classname="tests.MainFlow"/>
  <testcase name="propertyOrderStep2" time="1.904" classname="tests.MainFlow"/>
  <testcase name="propertyOrderAddToCart" time="2.43" classname="tests.MainFlow"/>
  <testcase name="YourShoppingCart" time="0.69" classname="tests.MainFlow"/>
</testsuite> <!-- Test -->
