<?xml version="1.0" encoding="UTF-8"?>
<!-- Generated by org.testng.reporters.JUnitXMLReporter -->
<testsuite hostname="DESKTOP-SLUED5U" ignored="0" name="Test" tests="6" failures="0" timestamp="27 Mar 2019 23:47:51 GMT" time="32.584" errors="0">
  <testcase name="locateLRO" time="9.564" classname="tests.MainFlow"/>
  <testcase name="propertyByPINSearch" time="2.562" classname="tests.MainFlow"/>
  <testcase name="propertyOrderStep1" time="4.095" classname="tests.MainFlow"/>
  <testcase name="propertyOrderStep2" time="1.875" classname="tests.MainFlow"/>
  <testcase name="propertyOrderAddToCart" time="1.706" classname="tests.MainFlow"/>
  <testcase name="YourShoppingCart" time="0.766" classname="tests.MainFlow"/>
</testsuite> <!-- Test -->
