<?xml version="1.0" encoding="UTF-8"?>
<testng-results skipped="0" failed="0" ignored="0" total="6" passed="6">
  <reporter-output>
  </reporter-output>
  <suite name="Suite" duration-ms="34087" started-at="2019-03-28T01:35:19Z" finished-at="2019-03-28T01:35:53Z">
    <groups>
    </groups>
    <test name="Test" duration-ms="34087" started-at="2019-03-28T01:35:19Z" finished-at="2019-03-28T01:35:53Z">
      <class name="tests.MainFlow">
        <test-method status="PASS" signature="InitilizeDriver()[pri:0, instance:tests.MainFlow@7c729a55]" name="InitilizeDriver" is-config="true" duration-ms="10144" started-at="2019-03-28T01:35:19Z" finished-at="2019-03-28T01:35:29Z">
          <reporter-output>
          </reporter-output>
        </test-method> <!-- InitilizeDriver -->
        <test-method status="PASS" signature="locateLRO()[pri:1, instance:tests.MainFlow@7c729a55]" name="locateLRO" duration-ms="2022" started-at="2019-03-28T01:35:29Z" finished-at="2019-03-28T01:35:31Z">
          <reporter-output>
          </reporter-output>
        </test-method> <!-- locateLRO -->
        <test-method status="PASS" signature="propertyByPINSearch()[pri:2, instance:tests.MainFlow@7c729a55]" name="propertyByPINSearch" duration-ms="3288" started-at="2019-03-28T01:35:31Z" depends-on-methods="tests.MainFlow.locateLRO" finished-at="2019-03-28T01:35:35Z">
          <reporter-output>
          </reporter-output>
        </test-method> <!-- propertyByPINSearch -->
        <test-method status="PASS" signature="propertyOrderStep1()[pri:3, instance:tests.MainFlow@7c729a55]" name="propertyOrderStep1" duration-ms="3993" started-at="2019-03-28T01:35:35Z" depends-on-methods="tests.MainFlow.propertyByPINSearch" finished-at="2019-03-28T01:35:39Z">
          <reporter-output>
          </reporter-output>
        </test-method> <!-- propertyOrderStep1 -->
        <test-method status="PASS" signature="propertyOrderStep2()[pri:4, instance:tests.MainFlow@7c729a55]" name="propertyOrderStep2" duration-ms="8953" started-at="2019-03-28T01:35:39Z" depends-on-methods="tests.MainFlow.propertyOrderStep1" finished-at="2019-03-28T01:35:48Z">
          <reporter-output>
          </reporter-output>
        </test-method> <!-- propertyOrderStep2 -->
        <test-method status="PASS" signature="propertyOrderAddToCart()[pri:5, instance:tests.MainFlow@7c729a55]" name="propertyOrderAddToCart" duration-ms="2349" started-at="2019-03-28T01:35:48Z" depends-on-methods="tests.MainFlow.propertyOrderStep2" finished-at="2019-03-28T01:35:50Z">
          <reporter-output>
          </reporter-output>
        </test-method> <!-- propertyOrderAddToCart -->
        <test-method status="PASS" signature="YourShoppingCart()[pri:6, instance:tests.MainFlow@7c729a55]" name="YourShoppingCart" duration-ms="877" started-at="2019-03-28T01:35:50Z" depends-on-methods="tests.MainFlow.propertyOrderAddToCart" finished-at="2019-03-28T01:35:51Z">
          <reporter-output>
          </reporter-output>
        </test-method> <!-- YourShoppingCart -->
        <test-method status="PASS" signature="closeBrowser()[pri:0, instance:tests.MainFlow@7c729a55]" name="closeBrowser" is-config="true" duration-ms="2434" started-at="2019-03-28T01:35:51Z" finished-at="2019-03-28T01:35:53Z">
          <reporter-output>
          </reporter-output>
        </test-method> <!-- closeBrowser -->
      </class> <!-- tests.MainFlow -->
    </test> <!-- Test -->
  </suite> <!-- Suite -->
</testng-results>
