<?xml version="1.0" encoding="UTF-8"?>
<testsuite xmlns:xsi="http://www.w3.org/2001/XMLSchema-instance" xsi:noNamespaceSchemaLocation="https://maven.apache.org/surefire/maven-surefire-plugin/xsd/surefire-test-report-3.0.xsd" version="3.0" name="TestSuite" time="27.214" tests="6" errors="0" skipped="4" failures="1">
  <properties>
[...]
</properties>
  <testcase name="locateLRO" classname="tests.MainFlow" time="1.817"/>
  <testcase name="propertyByPINSearch" classname="tests.MainFlow" time="12.228">
    <failure message="Expected condition failed: waiting for element to be clickable: By.xpath: //h2[contains(text(),&apos;Showing 1 to 1 of 1 search results for PIN&apos;)] (tried for 10 second(s) with 500 milliseconds interval)" type="org.openqa.selenium.TimeoutException">org.openqa.selenium.TimeoutException: Expected condition failed: waiting for element to be clickable: By.xpath: //h2[contains(text(),'Showing 1 to 1 of 1 search results for PIN')] (tried for 10 second(s) with 500 milliseconds interval)
	at tests.MainFlow.propertyByPINSearch(MainFlow.java:52)
Caused by: org.openqa.selenium.NoSuchElementException: 
Cannot locate an element using By.xpath: //h2[contains(text(),'Showing 1 to 1 of 1 search results for PIN')]
For documentation on this error, please visit: http://seleniumhq.org/exceptions/no_such_element.html
Build info: version: '3.14.0', revision: 'aacccce0', time: '2018-08-02T20:19:58.91Z'
System info: host: 'DESKTOP-SLUED5U', ip: '192.168.1.108', os.name: 'Windows 10', os.arch: 'amd64', os.version: '10.0', java.version: '1.8.0_201'
Driver info: driver.version: unknown
	at tests.MainFlow.propertyByPINSearch(MainFlow.java:52)
</failure>
    <system-out><![CDATA[################################ Test propertyByPINSearch started
&amp#27;[32m27:Mar-15:00:19 [main] INFO - **********Property Search by PIN page********* 
&amp#27;[m&amp#27;[32m27:Mar-15:00:19 [main] INFO - **********Property Search by PIN page********* 
&amp#27;[m&amp#27;[32m27:Mar-15:00:20 [main] INFO - The following search data was entered: 
&amp#27;[m&amp#27;[32m27:Mar-15:00:20 [main] INFO - Block#: 1042
&amp#27;[m&amp#27;[32m27:Mar-15:00:20 [main] INFO - Property#: 0795
&amp#27;[m&amp#27;[32m27:Mar-15:00:20 [main] INFO - RequestedBy: Test
&amp#27;[m&amp#27;[32m27:Mar-15:00:20 [main] INFO - **********Property Search by PIN results page********* 
&amp#27;[m################################ Test propertyByPINSearch failed
]]></system-out>
  </testcase>
  <testcase name="propertyOrderStep1" classname="tests.MainFlow" time="0">
    <skipped message="Method MainFlow.propertyOrderStep1()[pri:3, instance:tests.MainFlow@44ebcd03] depends on not successfully finished methods"/>
    <system-out><![CDATA[################################ Test propertyOrderStep1 skipped
]]></system-out>
  </testcase>
  <testcase name="propertyOrderStep2" classname="tests.MainFlow" time="0">
    <skipped message="Method MainFlow.propertyOrderStep2()[pri:4, instance:tests.MainFlow@44ebcd03] depends on not successfully finished methods"/>
    <system-out><![CDATA[################################ Test propertyOrderStep2 skipped
]]></system-out>
  </testcase>
  <testcase name="propertyOrderAddToCart" classname="tests.MainFlow" time="0">
    <skipped message="Method MainFlow.propertyOrderAddToCart()[pri:5, instance:tests.MainFlow@44ebcd03] depends on not successfully finished methods"/>
    <system-out><![CDATA[################################ Test propertyOrderAddToCart skipped
]]></system-out>
  </testcase>
  <testcase name="YourShoppingCart" classname="tests.MainFlow" time="0">
    <skipped message="Method MainFlow.YourShoppingCart()[pri:6, instance:tests.MainFlow@44ebcd03] depends on not successfully finished methods"/>
    <system-out><![CDATA[################################ Test YourShoppingCart skipped
]]></system-out>
  </testcase>
</testsuite>