<?xml version="1.0" encoding="UTF-8"?>
<testsuite xmlns:xsi="http://www.w3.org/2001/XMLSchema-instance" xsi:noNamespaceSchemaLocation="https://maven.apache.org/surefire/maven-surefire-plugin/xsd/surefire-test-report-3.0.xsd" version="3.0" name="TestSuite" time="46.511" tests="6" errors="0" skipped="0" failures="0">
  <properties>
[...]
</properties>
  <testcase name="locateLRO" classname="tests.MainFlow" time="3.576"/>
  <testcase name="propertyByPINSearch" classname="tests.MainFlow" time="4.317"/>
  <testcase name="propertyOrderStep1" classname="tests.MainFlow" time="10.403"/>
  <testcase name="propertyOrderStep2" classname="tests.MainFlow" time="2.469"/>
  <testcase name="propertyOrderAddToCart" classname="tests.MainFlow" time="6.627"/>
  <testcase name="YourShoppingCart" classname="tests.MainFlow" time="1.252"/>
</testsuite>